2025-05-27 13:41:51,071 INFO Set uid to user 0 succeeded
2025-05-27 13:41:51,084 INFO supervisord started with pid 1
2025-05-27 13:41:52,088 INFO spawned: 'collect_metrics' with pid 7
2025-05-27 13:41:52,093 INFO spawned: 'gunicorn' with pid 8
2025-05-27 13:41:52,098 INFO spawned: 'start_consumer' with pid 9
2025-05-27 13:41:53,101 INFO success: collect_metrics entered RUNNING state, process has stayed up for > than 1 seconds (startsecs)
2025-05-27 13:41:53,101 INFO success: gunicorn entered RUNNING state, process has stayed up for > than 1 seconds (startsecs)
2025-05-27 13:41:53,102 INFO success: start_consumer entered RUNNING state, process has stayed up for > than 1 seconds (startsecs)
2025-05-27 13:41:53,325 WARN exited: gunicorn (exit status 1; not expected)
2025-05-27 13:41:54,329 INFO spawned: 'gunicorn' with pid 10
2025-05-27 13:41:55,510 INFO success: gunicorn entered RUNNING state, process has stayed up for > than 1 seconds (startsecs)
2025-05-27 13:41:55,607 WARN exited: gunicorn (exit status 1; not expected)
2025-05-27 13:41:55,611 INFO spawned: 'gunicorn' with pid 20
2025-05-27 13:41:56,782 INFO success: gunicorn entered RUNNING state, process has stayed up for > than 1 seconds (startsecs)
2025-05-27 13:41:56,847 WARN exited: gunicorn (exit status 1; not expected)
2025-05-27 13:41:57,852 INFO spawned: 'gunicorn' with pid 21
2025-05-27 13:41:58,766 WARN exited: gunicorn (exit status 1; not expected)
2025-05-27 13:41:59,771 INFO spawned: 'gunicorn' with pid 22
2025-05-27 13:42:00,721 WARN exited: gunicorn (exit status 1; not expected)
2025-05-27 13:42:02,726 INFO spawned: 'gunicorn' with pid 23
2025-05-27 13:42:03,729 INFO success: gunicorn entered RUNNING state, process has stayed up for > than 1 seconds (startsecs)
2025-05-27 13:42:03,943 WARN exited: gunicorn (exit status 1; not expected)
2025-05-27 13:42:04,948 INFO spawned: 'gunicorn' with pid 24
2025-05-27 13:42:05,951 INFO success: gunicorn entered RUNNING state, process has stayed up for > than 1 seconds (startsecs)
2025-05-27 13:42:06,193 WARN exited: gunicorn (exit status 1; not expected)
2025-05-27 13:42:07,197 INFO spawned: 'gunicorn' with pid 25
2025-05-27 13:42:08,151 WARN exited: gunicorn (exit status 1; not expected)
2025-05-27 13:42:10,153 INFO spawned: 'gunicorn' with pid 26
2025-05-27 13:42:11,156 INFO success: gunicorn entered RUNNING state, process has stayed up for > than 1 seconds (startsecs)
2025-05-27 13:42:11,224 WARN exited: gunicorn (exit status 1; not expected)
2025-05-27 13:42:11,230 INFO spawned: 'gunicorn' with pid 129
2025-05-27 13:42:12,277 INFO success: gunicorn entered RUNNING state, process has stayed up for > than 1 seconds (startsecs)
2025-05-27 13:42:12,322 WARN exited: gunicorn (exit status 1; not expected)
2025-05-27 13:42:13,006 INFO spawned: 'gunicorn' with pid 282
2025-05-27 13:42:13,887 WARN exited: gunicorn (exit status 1; not expected)
2025-05-27 13:42:15,130 INFO spawned: 'gunicorn' with pid 319
2025-05-27 13:42:15,859 WARN exited: gunicorn (exit status 1; not expected)
2025-05-27 13:42:18,443 INFO spawned: 'gunicorn' with pid 390
2025-05-27 13:42:19,115 WARN exited: gunicorn (exit status 1; not expected)
2025-05-27 13:42:22,732 INFO spawned: 'gunicorn' with pid 463
2025-05-27 13:42:23,452 WARN exited: gunicorn (exit status 1; not expected)
2025-05-27 13:42:23,758 INFO gave up: gunicorn entered FATAL state, too many start retries too quickly
2025-05-27 13:51:01,099 WARN received SIGTERM indicating exit request
2025-05-27 13:51:01,099 INFO waiting for collect_metrics, start_consumer to die
2025-05-27 13:51:02,223 INFO stopped: start_consumer (exit status 0)
2025-05-27 13:51:04,226 INFO waiting for collect_metrics to die
2025-05-27 13:51:07,230 INFO waiting for collect_metrics to die
2025-05-27 13:51:07,884 INFO stopped: collect_metrics (exit status 0)
2025-05-27 14:01:55,105 INFO Set uid to user 0 succeeded
2025-05-27 14:01:55,118 INFO supervisord started with pid 1
2025-05-27 14:01:56,124 INFO spawned: 'collect_metrics' with pid 8
2025-05-27 14:01:56,128 INFO spawned: 'gunicorn' with pid 9
2025-05-27 14:01:56,134 INFO spawned: 'start_consumer' with pid 10
2025-05-27 14:01:57,138 INFO success: collect_metrics entered RUNNING state, process has stayed up for > than 1 seconds (startsecs)
2025-05-27 14:01:57,138 INFO success: gunicorn entered RUNNING state, process has stayed up for > than 1 seconds (startsecs)
2025-05-27 14:01:57,139 INFO success: start_consumer entered RUNNING state, process has stayed up for > than 1 seconds (startsecs)
2025-05-27 14:26:38,713 WARN received SIGTERM indicating exit request
2025-05-27 14:26:38,714 INFO waiting for collect_metrics, gunicorn, start_consumer to die
2025-05-27 14:26:39,839 INFO stopped: start_consumer (exit status 0)
2025-05-27 14:26:40,185 INFO stopped: gunicorn (exit status 0)
2025-05-27 14:26:42,188 INFO waiting for collect_metrics to die
2025-05-27 14:26:43,334 INFO stopped: collect_metrics (exit status 0)
2025-05-27 14:27:14,266 INFO Set uid to user 0 succeeded
2025-05-27 14:27:14,279 INFO supervisord started with pid 1
2025-05-27 14:27:15,282 INFO spawned: 'collect_metrics' with pid 7
2025-05-27 14:27:15,287 INFO spawned: 'gunicorn' with pid 8
2025-05-27 14:27:15,289 INFO spawned: 'start_consumer' with pid 9
2025-05-27 14:27:16,349 INFO success: collect_metrics entered RUNNING state, process has stayed up for > than 1 seconds (startsecs)
2025-05-27 14:27:16,349 INFO success: gunicorn entered RUNNING state, process has stayed up for > than 1 seconds (startsecs)
2025-05-27 14:27:16,350 INFO success: start_consumer entered RUNNING state, process has stayed up for > than 1 seconds (startsecs)
2025-05-27 14:48:02,656 WARN received SIGTERM indicating exit request
2025-05-27 14:48:02,658 INFO waiting for collect_metrics, gunicorn, start_consumer to die
2025-05-27 14:48:02,856 INFO stopped: start_consumer (exit status 0)
2025-05-27 14:48:03,097 INFO stopped: gunicorn (exit status 0)
2025-05-27 14:48:04,840 INFO stopped: collect_metrics (exit status 0)
2025-05-27 14:50:10,668 INFO Set uid to user 0 succeeded
2025-05-27 14:50:10,677 INFO supervisord started with pid 1
2025-05-27 14:50:11,680 INFO spawned: 'collect_metrics' with pid 7
2025-05-27 14:50:11,682 INFO spawned: 'gunicorn' with pid 8
2025-05-27 14:50:11,685 INFO spawned: 'start_consumer' with pid 9
2025-05-27 14:50:13,097 INFO success: collect_metrics entered RUNNING state, process has stayed up for > than 1 seconds (startsecs)
2025-05-27 14:50:13,097 INFO success: gunicorn entered RUNNING state, process has stayed up for > than 1 seconds (startsecs)
2025-05-27 14:50:13,098 INFO success: start_consumer entered RUNNING state, process has stayed up for > than 1 seconds (startsecs)
2025-05-27 15:18:33,137 WARN received SIGTERM indicating exit request
2025-05-27 15:18:33,153 INFO waiting for collect_metrics, gunicorn, start_consumer to die
2025-05-27 15:18:33,651 INFO stopped: start_consumer (exit status 0)
2025-05-27 15:18:33,966 INFO stopped: gunicorn (exit status 0)
2025-05-27 15:18:35,584 INFO stopped: collect_metrics (exit status 0)
2025-05-27 15:18:42,814 INFO Set uid to user 0 succeeded
2025-05-27 15:18:42,830 INFO supervisord started with pid 1
2025-05-27 15:18:43,834 INFO spawned: 'collect_metrics' with pid 7
2025-05-27 15:18:43,838 INFO spawned: 'gunicorn' with pid 8
2025-05-27 15:18:43,844 INFO spawned: 'start_consumer' with pid 9
2025-05-27 15:18:44,847 INFO success: collect_metrics entered RUNNING state, process has stayed up for > than 1 seconds (startsecs)
2025-05-27 15:18:44,848 INFO success: gunicorn entered RUNNING state, process has stayed up for > than 1 seconds (startsecs)
2025-05-27 15:18:44,848 INFO success: start_consumer entered RUNNING state, process has stayed up for > than 1 seconds (startsecs)
2025-05-27 16:04:21,563 WARN received SIGTERM indicating exit request
2025-05-27 16:04:21,564 INFO waiting for collect_metrics, gunicorn, start_consumer to die
2025-05-27 16:04:21,808 INFO stopped: start_consumer (exit status 0)
2025-05-27 16:04:22,051 INFO stopped: gunicorn (exit status 0)
2025-05-27 16:04:24,086 INFO stopped: collect_metrics (exit status 0)
2025-05-27 16:17:03,597 INFO Set uid to user 0 succeeded
2025-05-27 16:17:03,607 INFO supervisord started with pid 1
2025-05-27 16:17:04,611 INFO spawned: 'collect_iostat' with pid 7
2025-05-27 16:17:04,615 INFO spawned: 'collect_metrics' with pid 8
2025-05-27 16:17:04,618 INFO spawned: 'collect_netstat' with pid 9
2025-05-27 16:17:04,622 INFO spawned: 'collect_process' with pid 10
2025-05-27 16:17:04,626 INFO spawned: 'collect_vmstat' with pid 11
2025-05-27 16:17:04,629 INFO spawned: 'gunicorn' with pid 12
2025-05-27 16:17:04,634 INFO spawned: 'start_consumer' with pid 13
2025-05-27 16:17:05,637 INFO success: collect_iostat entered RUNNING state, process has stayed up for > than 1 seconds (startsecs)
2025-05-27 16:17:05,638 INFO success: collect_metrics entered RUNNING state, process has stayed up for > than 1 seconds (startsecs)
2025-05-27 16:17:05,638 INFO success: collect_netstat entered RUNNING state, process has stayed up for > than 1 seconds (startsecs)
2025-05-27 16:17:05,639 INFO success: collect_process entered RUNNING state, process has stayed up for > than 1 seconds (startsecs)
2025-05-27 16:17:05,641 INFO success: collect_vmstat entered RUNNING state, process has stayed up for > than 1 seconds (startsecs)
2025-05-27 16:17:05,642 INFO success: gunicorn entered RUNNING state, process has stayed up for > than 1 seconds (startsecs)
2025-05-27 16:17:05,644 INFO success: start_consumer entered RUNNING state, process has stayed up for > than 1 seconds (startsecs)
2025-05-28 07:13:58,072 WARN received SIGTERM indicating exit request
2025-05-28 07:13:58,081 INFO waiting for collect_iostat, collect_metrics, collect_netstat, collect_process, collect_vmstat, gunicorn, start_consumer to die
2025-05-28 07:13:58,299 INFO stopped: start_consumer (exit status 0)
2025-05-28 07:13:58,545 INFO stopped: gunicorn (exit status 0)
2025-05-28 07:14:01,550 INFO waiting for collect_iostat, collect_metrics, collect_netstat, collect_process, collect_vmstat to die
2025-05-28 07:14:03,377 INFO stopped: collect_vmstat (exit status 0)
2025-05-28 07:14:05,380 INFO waiting for collect_iostat, collect_metrics, collect_netstat, collect_process to die
2025-05-28 07:14:45,897 INFO Set uid to user 0 succeeded
2025-05-28 07:14:45,914 INFO supervisord started with pid 1
2025-05-28 07:14:46,920 INFO spawned: 'collect_iostat' with pid 7
2025-05-28 07:14:46,923 INFO spawned: 'collect_metrics' with pid 8
2025-05-28 07:14:46,926 INFO spawned: 'collect_netstat' with pid 9
2025-05-28 07:14:46,929 INFO spawned: 'collect_process' with pid 10
2025-05-28 07:14:46,932 INFO spawned: 'collect_vmstat' with pid 11
2025-05-28 07:14:46,937 INFO spawned: 'gunicorn' with pid 12
2025-05-28 07:14:46,942 INFO spawned: 'start_consumer' with pid 13
2025-05-28 07:14:47,945 INFO success: collect_iostat entered RUNNING state, process has stayed up for > than 1 seconds (startsecs)
2025-05-28 07:14:47,945 INFO success: collect_metrics entered RUNNING state, process has stayed up for > than 1 seconds (startsecs)
2025-05-28 07:14:47,945 INFO success: collect_netstat entered RUNNING state, process has stayed up for > than 1 seconds (startsecs)
2025-05-28 07:14:47,946 INFO success: collect_process entered RUNNING state, process has stayed up for > than 1 seconds (startsecs)
2025-05-28 07:14:47,947 INFO success: collect_vmstat entered RUNNING state, process has stayed up for > than 1 seconds (startsecs)
2025-05-28 07:14:47,948 INFO success: gunicorn entered RUNNING state, process has stayed up for > than 1 seconds (startsecs)
2025-05-28 07:14:47,949 INFO success: start_consumer entered RUNNING state, process has stayed up for > than 1 seconds (startsecs)
2025-05-28 07:50:41,769 WARN received SIGTERM indicating exit request
2025-05-28 07:50:41,796 INFO waiting for collect_iostat, collect_metrics, collect_netstat, collect_process, collect_vmstat, gunicorn, start_consumer to die
2025-05-28 07:50:42,123 INFO stopped: start_consumer (exit status 0)
2025-05-28 07:50:42,446 INFO stopped: gunicorn (exit status 0)
2025-05-28 07:50:43,336 INFO stopped: collect_vmstat (exit status 0)
2025-05-28 07:50:45,339 INFO waiting for collect_iostat, collect_metrics, collect_netstat, collect_process to die
2025-05-28 07:50:49,049 INFO waiting for collect_iostat, collect_metrics, collect_netstat, collect_process to die
2025-05-28 07:51:27,730 INFO Set uid to user 0 succeeded
2025-05-28 07:51:27,749 INFO supervisord started with pid 1
2025-05-28 07:51:28,752 INFO spawned: 'collect_iostat' with pid 7
2025-05-28 07:51:28,754 INFO spawned: 'collect_metrics' with pid 8
2025-05-28 07:51:28,757 INFO spawned: 'collect_netstat' with pid 9
2025-05-28 07:51:28,761 INFO spawned: 'collect_process' with pid 10
2025-05-28 07:51:28,764 INFO spawned: 'collect_vmstat' with pid 11
2025-05-28 07:51:28,767 INFO spawned: 'gunicorn' with pid 12
2025-05-28 07:51:28,769 INFO spawned: 'start_consumer' with pid 13
2025-05-28 07:51:29,772 INFO success: collect_iostat entered RUNNING state, process has stayed up for > than 1 seconds (startsecs)
2025-05-28 07:51:29,772 INFO success: collect_metrics entered RUNNING state, process has stayed up for > than 1 seconds (startsecs)
2025-05-28 07:51:29,773 INFO success: collect_netstat entered RUNNING state, process has stayed up for > than 1 seconds (startsecs)
2025-05-28 07:51:29,773 INFO success: collect_process entered RUNNING state, process has stayed up for > than 1 seconds (startsecs)
2025-05-28 07:51:29,774 INFO success: collect_vmstat entered RUNNING state, process has stayed up for > than 1 seconds (startsecs)
2025-05-28 07:51:29,774 INFO success: gunicorn entered RUNNING state, process has stayed up for > than 1 seconds (startsecs)
2025-05-28 07:51:29,774 INFO success: start_consumer entered RUNNING state, process has stayed up for > than 1 seconds (startsecs)
2025-05-28 07:59:37,992 WARN received SIGTERM indicating exit request
2025-05-28 07:59:38,008 INFO waiting for collect_iostat, collect_metrics, collect_netstat, collect_process, collect_vmstat, gunicorn, start_consumer to die
2025-05-28 07:59:38,196 INFO stopped: start_consumer (exit status 0)
2025-05-28 07:59:38,429 INFO stopped: gunicorn (exit status 0)
2025-05-28 07:59:40,597 INFO stopped: collect_vmstat (exit status 0)
2025-05-28 07:59:41,598 INFO waiting for collect_iostat, collect_metrics, collect_netstat, collect_process to die
2025-05-28 07:59:44,602 INFO waiting for collect_iostat, collect_metrics, collect_netstat, collect_process to die
2025-05-28 08:00:27,016 INFO Set uid to user 0 succeeded
2025-05-28 08:00:27,028 INFO supervisord started with pid 1
2025-05-28 08:00:28,032 INFO spawned: 'collect_iostat' with pid 7
2025-05-28 08:00:28,034 INFO spawned: 'collect_metrics' with pid 8
2025-05-28 08:00:28,038 INFO spawned: 'collect_netstat' with pid 9
2025-05-28 08:00:28,041 INFO spawned: 'collect_process' with pid 10
2025-05-28 08:00:28,044 INFO spawned: 'collect_vmstat' with pid 11
2025-05-28 08:00:28,047 INFO spawned: 'gunicorn' with pid 12
2025-05-28 08:00:28,052 INFO spawned: 'start_consumer' with pid 13
2025-05-28 08:00:29,055 INFO success: collect_iostat entered RUNNING state, process has stayed up for > than 1 seconds (startsecs)
2025-05-28 08:00:29,056 INFO success: collect_metrics entered RUNNING state, process has stayed up for > than 1 seconds (startsecs)
2025-05-28 08:00:29,056 INFO success: collect_netstat entered RUNNING state, process has stayed up for > than 1 seconds (startsecs)
2025-05-28 08:00:29,057 INFO success: collect_process entered RUNNING state, process has stayed up for > than 1 seconds (startsecs)
2025-05-28 08:00:29,057 INFO success: collect_vmstat entered RUNNING state, process has stayed up for > than 1 seconds (startsecs)
2025-05-28 08:00:29,058 INFO success: gunicorn entered RUNNING state, process has stayed up for > than 1 seconds (startsecs)
2025-05-28 08:00:29,058 INFO success: start_consumer entered RUNNING state, process has stayed up for > than 1 seconds (startsecs)
2025-05-28 08:03:44,713 WARN received SIGTERM indicating exit request
2025-05-28 08:03:44,721 INFO waiting for collect_iostat, collect_metrics, collect_netstat, collect_process, collect_vmstat, gunicorn, start_consumer to die
2025-05-28 08:03:44,878 INFO stopped: start_consumer (exit status 0)
2025-05-28 08:03:45,115 INFO stopped: gunicorn (exit status 0)
2025-05-28 08:03:45,261 INFO stopped: collect_vmstat (exit status 0)
2025-05-28 08:03:48,589 INFO waiting for collect_iostat, collect_metrics, collect_netstat, collect_process to die
2025-05-28 08:03:51,592 INFO waiting for collect_iostat, collect_metrics, collect_netstat, collect_process to die
2025-05-28 08:14:00,571 INFO Set uid to user 0 succeeded
2025-05-28 08:14:00,582 INFO supervisord started with pid 1
2025-05-28 08:14:01,587 INFO spawned: 'collect_iostat' with pid 7
2025-05-28 08:14:01,590 INFO spawned: 'collect_metrics' with pid 8
2025-05-28 08:14:01,595 INFO spawned: 'collect_netstat' with pid 9
2025-05-28 08:14:01,599 INFO spawned: 'collect_process' with pid 10
2025-05-28 08:14:01,603 INFO spawned: 'collect_vmstat' with pid 11
2025-05-28 08:14:01,606 INFO spawned: 'gunicorn' with pid 12
2025-05-28 08:14:01,612 INFO spawned: 'start_consumer' with pid 13
2025-05-28 08:14:02,615 INFO success: collect_iostat entered RUNNING state, process has stayed up for > than 1 seconds (startsecs)
2025-05-28 08:14:02,615 INFO success: collect_metrics entered RUNNING state, process has stayed up for > than 1 seconds (startsecs)
2025-05-28 08:14:02,616 INFO success: collect_netstat entered RUNNING state, process has stayed up for > than 1 seconds (startsecs)
2025-05-28 08:14:02,616 INFO success: collect_process entered RUNNING state, process has stayed up for > than 1 seconds (startsecs)
2025-05-28 08:14:02,617 INFO success: collect_vmstat entered RUNNING state, process has stayed up for > than 1 seconds (startsecs)
2025-05-28 08:14:02,619 INFO success: gunicorn entered RUNNING state, process has stayed up for > than 1 seconds (startsecs)
2025-05-28 08:14:02,620 INFO success: start_consumer entered RUNNING state, process has stayed up for > than 1 seconds (startsecs)
2025-05-28 08:27:19,202 WARN received SIGTERM indicating exit request
2025-05-28 08:27:19,209 INFO waiting for collect_iostat, collect_metrics, collect_netstat, collect_process, collect_vmstat, gunicorn, start_consumer to die
2025-05-28 08:27:19,506 INFO stopped: start_consumer (exit status 0)
2025-05-28 08:27:19,768 INFO stopped: gunicorn (exit status 0)
2025-05-28 08:27:22,691 INFO waiting for collect_iostat, collect_metrics, collect_netstat, collect_process, collect_vmstat to die
2025-05-28 08:27:23,086 INFO stopped: collect_vmstat (exit status 0)
2025-05-28 08:27:26,405 INFO waiting for collect_iostat, collect_metrics, collect_netstat, collect_process to die
2025-05-28 08:28:07,832 INFO Set uid to user 0 succeeded
2025-05-28 08:28:07,851 INFO supervisord started with pid 1
2025-05-28 08:28:08,853 INFO spawned: 'collect_iostat' with pid 7
2025-05-28 08:28:08,855 INFO spawned: 'collect_metrics' with pid 8
2025-05-28 08:28:08,858 INFO spawned: 'collect_netstat' with pid 9
2025-05-28 08:28:08,860 INFO spawned: 'collect_process' with pid 10
2025-05-28 08:28:08,864 INFO spawned: 'collect_vmstat' with pid 11
2025-05-28 08:28:08,870 INFO spawned: 'gunicorn' with pid 12
2025-05-28 08:28:08,874 INFO spawned: 'start_consumer' with pid 13
2025-05-28 08:28:09,876 INFO success: collect_iostat entered RUNNING state, process has stayed up for > than 1 seconds (startsecs)
2025-05-28 08:28:09,877 INFO success: collect_metrics entered RUNNING state, process has stayed up for > than 1 seconds (startsecs)
2025-05-28 08:28:09,877 INFO success: collect_netstat entered RUNNING state, process has stayed up for > than 1 seconds (startsecs)
2025-05-28 08:28:09,879 INFO success: collect_process entered RUNNING state, process has stayed up for > than 1 seconds (startsecs)
2025-05-28 08:28:09,881 INFO success: collect_vmstat entered RUNNING state, process has stayed up for > than 1 seconds (startsecs)
2025-05-28 08:28:09,882 INFO success: gunicorn entered RUNNING state, process has stayed up for > than 1 seconds (startsecs)
2025-05-28 08:28:09,882 INFO success: start_consumer entered RUNNING state, process has stayed up for > than 1 seconds (startsecs)
2025-05-28 08:36:06,708 WARN received SIGTERM indicating exit request
2025-05-28 08:36:06,709 INFO waiting for collect_iostat, collect_metrics, collect_netstat, collect_process, collect_vmstat, gunicorn, start_consumer to die
2025-05-28 08:36:06,986 INFO stopped: start_consumer (exit status 0)
2025-05-28 08:36:07,244 INFO stopped: gunicorn (exit status 0)
2025-05-28 08:36:10,249 INFO waiting for collect_iostat, collect_metrics, collect_netstat, collect_process, collect_vmstat to die
2025-05-28 08:36:11,767 INFO stopped: collect_vmstat (exit status 0)
2025-05-28 08:36:13,771 INFO waiting for collect_iostat, collect_metrics, collect_netstat, collect_process to die
2025-05-28 08:36:53,305 INFO Set uid to user 0 succeeded
2025-05-28 08:36:53,319 INFO supervisord started with pid 1
2025-05-28 08:36:54,322 INFO spawned: 'collect_iostat' with pid 7
2025-05-28 08:36:54,324 INFO spawned: 'collect_metrics' with pid 8
2025-05-28 08:36:54,327 INFO spawned: 'collect_netstat' with pid 9
2025-05-28 08:36:54,331 INFO spawned: 'collect_process' with pid 10
2025-05-28 08:36:54,334 INFO spawned: 'collect_vmstat' with pid 11
2025-05-28 08:36:54,336 INFO spawned: 'gunicorn' with pid 12
2025-05-28 08:36:54,338 INFO spawned: 'start_consumer' with pid 13
2025-05-28 08:36:55,340 INFO success: collect_iostat entered RUNNING state, process has stayed up for > than 1 seconds (startsecs)
2025-05-28 08:36:55,341 INFO success: collect_metrics entered RUNNING state, process has stayed up for > than 1 seconds (startsecs)
2025-05-28 08:36:55,341 INFO success: collect_netstat entered RUNNING state, process has stayed up for > than 1 seconds (startsecs)
2025-05-28 08:36:55,342 INFO success: collect_process entered RUNNING state, process has stayed up for > than 1 seconds (startsecs)
2025-05-28 08:36:55,343 INFO success: collect_vmstat entered RUNNING state, process has stayed up for > than 1 seconds (startsecs)
2025-05-28 08:36:55,345 INFO success: gunicorn entered RUNNING state, process has stayed up for > than 1 seconds (startsecs)
2025-05-28 08:36:55,348 INFO success: start_consumer entered RUNNING state, process has stayed up for > than 1 seconds (startsecs)
2025-05-28 08:48:26,074 WARN received SIGTERM indicating exit request
2025-05-28 08:48:26,075 INFO waiting for collect_iostat, collect_metrics, collect_netstat, collect_process, collect_vmstat, gunicorn, start_consumer to die
2025-05-28 08:48:26,226 INFO stopped: start_consumer (exit status 0)
2025-05-28 08:48:26,461 INFO stopped: gunicorn (exit status 0)
2025-05-28 08:48:26,924 INFO stopped: collect_vmstat (exit status 0)
2025-05-28 08:48:29,928 INFO waiting for collect_iostat, collect_metrics, collect_netstat, collect_process to die
2025-05-28 08:48:30,205 INFO stopped: collect_process (exit status 0)
2025-05-28 08:48:30,475 INFO stopped: collect_netstat (exit status 0)
2025-05-28 08:48:30,598 INFO stopped: collect_metrics (exit status 0)
2025-05-28 08:48:32,953 INFO stopped: collect_iostat (exit status 0)
2025-05-28 09:20:15,135 INFO Set uid to user 0 succeeded
2025-05-28 09:20:15,149 INFO supervisord started with pid 1
2025-05-28 09:20:16,153 INFO spawned: 'collect_iostat' with pid 7
2025-05-28 09:20:16,156 INFO spawned: 'collect_metrics' with pid 8
2025-05-28 09:20:16,160 INFO spawned: 'collect_netstat' with pid 9
2025-05-28 09:20:16,164 INFO spawned: 'collect_process' with pid 10
2025-05-28 09:20:16,168 INFO spawned: 'collect_vmstat' with pid 11
2025-05-28 09:20:16,172 INFO spawned: 'gunicorn' with pid 12
2025-05-28 09:20:16,176 INFO spawned: 'start_consumer' with pid 13
2025-05-28 09:20:17,179 INFO success: collect_iostat entered RUNNING state, process has stayed up for > than 1 seconds (startsecs)
2025-05-28 09:20:17,183 INFO success: collect_metrics entered RUNNING state, process has stayed up for > than 1 seconds (startsecs)
2025-05-28 09:20:17,186 INFO success: collect_netstat entered RUNNING state, process has stayed up for > than 1 seconds (startsecs)
2025-05-28 09:20:17,188 INFO success: collect_process entered RUNNING state, process has stayed up for > than 1 seconds (startsecs)
2025-05-28 09:20:17,189 INFO success: collect_vmstat entered RUNNING state, process has stayed up for > than 1 seconds (startsecs)
2025-05-28 09:20:17,191 INFO success: gunicorn entered RUNNING state, process has stayed up for > than 1 seconds (startsecs)
2025-05-28 09:20:17,192 INFO success: start_consumer entered RUNNING state, process has stayed up for > than 1 seconds (startsecs)
2025-05-28 09:29:18,653 WARN received SIGTERM indicating exit request
2025-05-28 09:29:18,657 INFO waiting for collect_iostat, collect_metrics, collect_netstat, collect_process, collect_vmstat, gunicorn, start_consumer to die
2025-05-28 09:29:19,788 INFO stopped: start_consumer (exit status 0)
2025-05-28 09:29:20,035 INFO stopped: gunicorn (exit status 0)
2025-05-28 09:29:20,511 INFO stopped: collect_vmstat (exit status 0)
2025-05-28 09:29:22,514 INFO waiting for collect_iostat, collect_metrics, collect_netstat, collect_process to die
2025-05-28 09:29:25,518 INFO waiting for collect_iostat, collect_metrics, collect_netstat, collect_process to die
2025-05-28 09:29:28,570 INFO waiting for collect_iostat, collect_metrics, collect_netstat, collect_process to die
2025-05-28 09:30:06,580 INFO Set uid to user 0 succeeded
2025-05-28 09:30:06,591 INFO supervisord started with pid 1
2025-05-28 09:30:07,594 INFO spawned: 'collect_iostat' with pid 7
2025-05-28 09:30:07,596 INFO spawned: 'collect_metrics' with pid 8
2025-05-28 09:30:07,598 INFO spawned: 'collect_netstat' with pid 9
2025-05-28 09:30:07,601 INFO spawned: 'collect_process' with pid 10
2025-05-28 09:30:07,604 INFO spawned: 'collect_vmstat' with pid 11
2025-05-28 09:30:07,607 INFO spawned: 'gunicorn' with pid 12
2025-05-28 09:30:07,611 INFO spawned: 'start_consumer' with pid 13
2025-05-28 09:30:08,614 INFO success: collect_iostat entered RUNNING state, process has stayed up for > than 1 seconds (startsecs)
2025-05-28 09:30:08,615 INFO success: collect_metrics entered RUNNING state, process has stayed up for > than 1 seconds (startsecs)
2025-05-28 09:30:08,615 INFO success: collect_netstat entered RUNNING state, process has stayed up for > than 1 seconds (startsecs)
2025-05-28 09:30:08,616 INFO success: collect_process entered RUNNING state, process has stayed up for > than 1 seconds (startsecs)
2025-05-28 09:30:08,617 INFO success: collect_vmstat entered RUNNING state, process has stayed up for > than 1 seconds (startsecs)
2025-05-28 09:30:08,617 INFO success: gunicorn entered RUNNING state, process has stayed up for > than 1 seconds (startsecs)
2025-05-28 09:30:08,618 INFO success: start_consumer entered RUNNING state, process has stayed up for > than 1 seconds (startsecs)
2025-05-28 09:40:28,932 WARN received SIGTERM indicating exit request
2025-05-28 09:40:28,933 INFO waiting for collect_iostat, collect_metrics, collect_netstat, collect_process, collect_vmstat, gunicorn, start_consumer to die
2025-05-28 09:40:30,114 INFO stopped: start_consumer (exit status 0)
2025-05-28 09:40:30,357 INFO stopped: gunicorn (exit status 0)
2025-05-28 09:40:31,970 INFO waiting for collect_iostat, collect_metrics, collect_netstat, collect_process, collect_vmstat to die
2025-05-28 09:40:32,552 INFO stopped: collect_vmstat (exit status 0)
2025-05-28 09:40:35,395 INFO waiting for collect_iostat, collect_metrics, collect_netstat, collect_process to die
2025-05-28 09:40:38,399 INFO waiting for collect_iostat, collect_metrics, collect_netstat, collect_process to die
2025-05-28 09:41:16,480 INFO Set uid to user 0 succeeded
2025-05-28 09:41:16,491 INFO supervisord started with pid 1
2025-05-28 09:41:17,494 INFO spawned: 'collect_iostat' with pid 7
2025-05-28 09:41:17,497 INFO spawned: 'collect_metrics' with pid 8
2025-05-28 09:41:17,500 INFO spawned: 'collect_netstat' with pid 9
2025-05-28 09:41:17,503 INFO spawned: 'collect_process' with pid 10
2025-05-28 09:41:17,506 INFO spawned: 'collect_vmstat' with pid 11
2025-05-28 09:41:17,510 INFO spawned: 'gunicorn' with pid 12
2025-05-28 09:41:17,514 INFO spawned: 'start_consumer' with pid 13
2025-05-28 09:41:18,517 INFO success: collect_iostat entered RUNNING state, process has stayed up for > than 1 seconds (startsecs)
2025-05-28 09:41:18,518 INFO success: collect_metrics entered RUNNING state, process has stayed up for > than 1 seconds (startsecs)
2025-05-28 09:41:18,519 INFO success: collect_netstat entered RUNNING state, process has stayed up for > than 1 seconds (startsecs)
2025-05-28 09:41:18,520 INFO success: collect_process entered RUNNING state, process has stayed up for > than 1 seconds (startsecs)
2025-05-28 09:41:18,521 INFO success: collect_vmstat entered RUNNING state, process has stayed up for > than 1 seconds (startsecs)
2025-05-28 09:41:18,522 INFO success: gunicorn entered RUNNING state, process has stayed up for > than 1 seconds (startsecs)
2025-05-28 09:41:18,524 INFO success: start_consumer entered RUNNING state, process has stayed up for > than 1 seconds (startsecs)
2025-05-28 09:47:11,132 WARN received SIGTERM indicating exit request
2025-05-28 09:47:11,133 INFO waiting for collect_iostat, collect_metrics, collect_netstat, collect_process, collect_vmstat, gunicorn, start_consumer to die
2025-05-28 09:47:11,367 INFO stopped: start_consumer (exit status 0)
2025-05-28 09:47:11,608 INFO stopped: gunicorn (exit status 0)
2025-05-28 09:47:12,369 INFO stopped: collect_vmstat (exit status 0)
2025-05-28 09:47:14,373 INFO waiting for collect_iostat, collect_metrics, collect_netstat, collect_process to die
2025-05-28 09:47:17,658 INFO waiting for collect_iostat, collect_metrics, collect_netstat, collect_process to die
2025-05-28 09:47:20,663 INFO waiting for collect_iostat, collect_metrics, collect_netstat, collect_process to die
2025-05-28 09:47:58,836 INFO Set uid to user 0 succeeded
2025-05-28 09:47:58,849 INFO supervisord started with pid 1
2025-05-28 09:47:59,851 INFO spawned: 'collect_iostat' with pid 7
2025-05-28 09:47:59,854 INFO spawned: 'collect_metrics' with pid 8
2025-05-28 09:47:59,858 INFO spawned: 'collect_netstat' with pid 9
2025-05-28 09:47:59,861 INFO spawned: 'collect_process' with pid 10
2025-05-28 09:47:59,866 INFO spawned: 'collect_vmstat' with pid 11
2025-05-28 09:47:59,870 INFO spawned: 'gunicorn' with pid 12
2025-05-28 09:47:59,873 INFO spawned: 'start_consumer' with pid 13
2025-05-28 09:48:00,875 INFO success: collect_iostat entered RUNNING state, process has stayed up for > than 1 seconds (startsecs)
2025-05-28 09:48:00,876 INFO success: collect_metrics entered RUNNING state, process has stayed up for > than 1 seconds (startsecs)
2025-05-28 09:48:00,877 INFO success: collect_netstat entered RUNNING state, process has stayed up for > than 1 seconds (startsecs)
2025-05-28 09:48:00,878 INFO success: collect_process entered RUNNING state, process has stayed up for > than 1 seconds (startsecs)
2025-05-28 09:48:00,879 INFO success: collect_vmstat entered RUNNING state, process has stayed up for > than 1 seconds (startsecs)
2025-05-28 09:48:00,880 INFO success: gunicorn entered RUNNING state, process has stayed up for > than 1 seconds (startsecs)
2025-05-28 09:48:00,881 INFO success: start_consumer entered RUNNING state, process has stayed up for > than 1 seconds (startsecs)
2025-05-28 09:52:31,812 WARN received SIGTERM indicating exit request
2025-05-28 09:52:31,816 INFO waiting for collect_iostat, collect_metrics, collect_netstat, collect_process, collect_vmstat, gunicorn, start_consumer to die
2025-05-28 09:52:32,391 INFO stopped: start_consumer (exit status 0)
2025-05-28 09:52:32,646 INFO stopped: gunicorn (exit status 0)
2025-05-28 09:52:35,189 INFO waiting for collect_iostat, collect_metrics, collect_netstat, collect_process, collect_vmstat to die
2025-05-28 09:52:38,247 INFO waiting for collect_iostat, collect_metrics, collect_netstat, collect_process, collect_vmstat to die
2025-05-28 09:52:39,249 WARN received SIGTERM indicating exit request
2025-05-28 09:52:41,407 INFO waiting for collect_iostat, collect_metrics, collect_netstat, collect_process, collect_vmstat to die
2025-05-28 09:53:32,344 INFO Set uid to user 0 succeeded
2025-05-28 09:53:32,388 INFO supervisord started with pid 1
2025-05-28 09:53:33,398 INFO spawned: 'collect_iostat' with pid 7
2025-05-28 09:53:33,413 INFO spawned: 'collect_metrics' with pid 8
2025-05-28 09:53:33,429 INFO spawned: 'collect_netstat' with pid 9
2025-05-28 09:53:33,444 INFO spawned: 'collect_process' with pid 10
2025-05-28 09:53:33,450 INFO spawned: 'collect_vmstat' with pid 11
2025-05-28 09:53:33,467 INFO spawned: 'gunicorn' with pid 12
2025-05-28 09:53:33,482 INFO spawned: 'start_consumer' with pid 13
2025-05-28 09:53:34,493 INFO success: collect_iostat entered RUNNING state, process has stayed up for > than 1 seconds (startsecs)
2025-05-28 09:53:34,494 INFO success: collect_metrics entered RUNNING state, process has stayed up for > than 1 seconds (startsecs)
2025-05-28 09:53:34,495 INFO success: collect_netstat entered RUNNING state, process has stayed up for > than 1 seconds (startsecs)
2025-05-28 09:53:34,496 INFO success: collect_process entered RUNNING state, process has stayed up for > than 1 seconds (startsecs)
2025-05-28 09:53:34,497 INFO success: collect_vmstat entered RUNNING state, process has stayed up for > than 1 seconds (startsecs)
2025-05-28 09:53:34,501 INFO success: gunicorn entered RUNNING state, process has stayed up for > than 1 seconds (startsecs)
2025-05-28 09:53:34,517 INFO success: start_consumer entered RUNNING state, process has stayed up for > than 1 seconds (startsecs)
2025-05-28 09:57:16,986 WARN received SIGTERM indicating exit request
2025-05-28 09:57:16,987 INFO waiting for collect_iostat, collect_metrics, collect_netstat, collect_process, collect_vmstat, gunicorn, start_consumer to die
2025-05-28 09:57:18,371 INFO stopped: start_consumer (exit status 0)
2025-05-28 09:57:18,743 INFO stopped: gunicorn (exit status 0)
2025-05-28 09:57:20,748 INFO waiting for collect_iostat, collect_metrics, collect_netstat, collect_process, collect_vmstat to die
2025-05-28 09:57:23,307 INFO stopped: collect_vmstat (exit status 0)
2025-05-28 09:57:24,309 INFO waiting for collect_iostat, collect_metrics, collect_netstat, collect_process to die
2025-05-28 10:10:15,353 INFO Set uid to user 0 succeeded
2025-05-28 10:10:15,367 INFO supervisord started with pid 1
2025-05-28 10:10:16,373 INFO spawned: 'collect_iostat' with pid 7
2025-05-28 10:10:16,377 INFO spawned: 'collect_metrics' with pid 8
2025-05-28 10:10:16,381 INFO spawned: 'collect_netstat' with pid 9
2025-05-28 10:10:16,386 INFO spawned: 'collect_process' with pid 10
2025-05-28 10:10:16,390 INFO spawned: 'collect_vmstat' with pid 11
2025-05-28 10:10:16,394 INFO spawned: 'gunicorn' with pid 12
2025-05-28 10:10:16,397 INFO spawned: 'start_consumer' with pid 13
2025-05-28 10:10:17,400 INFO success: collect_iostat entered RUNNING state, process has stayed up for > than 1 seconds (startsecs)
2025-05-28 10:10:17,406 INFO success: collect_metrics entered RUNNING state, process has stayed up for > than 1 seconds (startsecs)
2025-05-28 10:10:17,407 INFO success: collect_netstat entered RUNNING state, process has stayed up for > than 1 seconds (startsecs)
2025-05-28 10:10:17,407 INFO success: collect_process entered RUNNING state, process has stayed up for > than 1 seconds (startsecs)
2025-05-28 10:10:17,408 INFO success: collect_vmstat entered RUNNING state, process has stayed up for > than 1 seconds (startsecs)
2025-05-28 10:10:17,410 INFO success: gunicorn entered RUNNING state, process has stayed up for > than 1 seconds (startsecs)
2025-05-28 10:10:17,414 INFO success: start_consumer entered RUNNING state, process has stayed up for > than 1 seconds (startsecs)
2025-05-28 10:22:27,689 WARN received SIGTERM indicating exit request
2025-05-28 10:22:27,692 INFO waiting for collect_iostat, collect_metrics, collect_netstat, collect_process, collect_vmstat, gunicorn, start_consumer to die
2025-05-28 10:22:29,644 INFO stopped: start_consumer (exit status 0)
2025-05-28 10:22:29,939 INFO stopped: gunicorn (exit status 0)
2025-05-28 10:22:30,940 INFO waiting for collect_iostat, collect_metrics, collect_netstat, collect_process, collect_vmstat to die
2025-05-28 10:22:34,805 WARN received SIGTERM indicating exit request
2025-05-28 10:22:34,806 INFO waiting for collect_iostat, collect_metrics, collect_netstat, collect_process, collect_vmstat to die
2025-05-28 10:23:33,163 INFO Set uid to user 0 succeeded
2025-05-28 10:23:33,182 INFO supervisord started with pid 1
2025-05-28 10:23:34,186 INFO spawned: 'collect_iostat' with pid 7
2025-05-28 10:23:34,189 INFO spawned: 'collect_metrics' with pid 8
2025-05-28 10:23:34,194 INFO spawned: 'collect_netstat' with pid 9
2025-05-28 10:23:34,200 INFO spawned: 'collect_process' with pid 10
2025-05-28 10:23:34,204 INFO spawned: 'collect_vmstat' with pid 11
2025-05-28 10:23:34,207 INFO spawned: 'gunicorn' with pid 12
2025-05-28 10:23:34,213 INFO spawned: 'start_consumer' with pid 13
2025-05-28 10:23:35,219 INFO success: collect_iostat entered RUNNING state, process has stayed up for > than 1 seconds (startsecs)
2025-05-28 10:23:35,220 INFO success: collect_metrics entered RUNNING state, process has stayed up for > than 1 seconds (startsecs)
2025-05-28 10:23:35,221 INFO success: collect_netstat entered RUNNING state, process has stayed up for > than 1 seconds (startsecs)
2025-05-28 10:23:35,222 INFO success: collect_process entered RUNNING state, process has stayed up for > than 1 seconds (startsecs)
2025-05-28 10:23:35,223 INFO success: collect_vmstat entered RUNNING state, process has stayed up for > than 1 seconds (startsecs)
2025-05-28 10:23:35,226 INFO success: gunicorn entered RUNNING state, process has stayed up for > than 1 seconds (startsecs)
2025-05-28 10:23:35,229 INFO success: start_consumer entered RUNNING state, process has stayed up for > than 1 seconds (startsecs)
2025-05-28 10:29:23,153 WARN received SIGTERM indicating exit request
2025-05-28 10:29:23,174 INFO waiting for collect_iostat, collect_metrics, collect_netstat, collect_process, collect_vmstat, gunicorn, start_consumer to die
2025-05-28 10:29:24,392 INFO stopped: start_consumer (exit status 0)
2025-05-28 10:29:24,790 INFO stopped: gunicorn (exit status 0)
2025-05-28 10:29:26,195 INFO waiting for collect_iostat, collect_metrics, collect_netstat, collect_process, collect_vmstat to die
2025-05-28 10:29:26,848 INFO stopped: collect_vmstat (exit status 0)
2025-05-28 10:29:29,855 INFO waiting for collect_iostat, collect_metrics, collect_netstat, collect_process to die
2025-05-28 10:29:39,011 INFO Set uid to user 0 succeeded
2025-05-28 10:29:39,031 INFO supervisord started with pid 1
2025-05-28 10:29:40,034 INFO spawned: 'collect_iostat' with pid 7
2025-05-28 10:29:40,037 INFO spawned: 'collect_metrics' with pid 8
2025-05-28 10:29:40,042 INFO spawned: 'collect_netstat' with pid 9
2025-05-28 10:29:40,046 INFO spawned: 'collect_process' with pid 10
2025-05-28 10:29:40,050 INFO spawned: 'collect_vmstat' with pid 11
2025-05-28 10:29:40,055 INFO spawned: 'gunicorn' with pid 12
2025-05-28 10:29:40,059 INFO spawned: 'start_consumer' with pid 13
2025-05-28 10:29:41,062 INFO success: collect_iostat entered RUNNING state, process has stayed up for > than 1 seconds (startsecs)
2025-05-28 10:29:41,063 INFO success: collect_metrics entered RUNNING state, process has stayed up for > than 1 seconds (startsecs)
2025-05-28 10:29:41,064 INFO success: collect_netstat entered RUNNING state, process has stayed up for > than 1 seconds (startsecs)
2025-05-28 10:29:41,065 INFO success: collect_process entered RUNNING state, process has stayed up for > than 1 seconds (startsecs)
2025-05-28 10:29:41,067 INFO success: collect_vmstat entered RUNNING state, process has stayed up for > than 1 seconds (startsecs)
2025-05-28 10:29:41,068 INFO success: gunicorn entered RUNNING state, process has stayed up for > than 1 seconds (startsecs)
2025-05-28 10:29:41,068 INFO success: start_consumer entered RUNNING state, process has stayed up for > than 1 seconds (startsecs)
2025-05-28 11:42:16,593 INFO Set uid to user 0 succeeded
2025-05-28 11:42:16,606 INFO supervisord started with pid 1
2025-05-28 11:42:17,611 INFO spawned: 'collect_iostat' with pid 7
2025-05-28 11:42:17,616 INFO spawned: 'collect_metrics' with pid 8
2025-05-28 11:42:17,621 INFO spawned: 'collect_netstat' with pid 9
2025-05-28 11:42:17,626 INFO spawned: 'collect_process' with pid 10
2025-05-28 11:42:17,636 INFO spawned: 'collect_vmstat' with pid 11
2025-05-28 11:42:17,642 INFO spawned: 'gunicorn' with pid 12
2025-05-28 11:42:17,648 INFO spawned: 'start_consumer' with pid 13
2025-05-28 11:42:18,659 INFO success: collect_iostat entered RUNNING state, process has stayed up for > than 1 seconds (startsecs)
2025-05-28 11:42:18,660 INFO success: collect_metrics entered RUNNING state, process has stayed up for > than 1 seconds (startsecs)
2025-05-28 11:42:18,664 INFO success: collect_netstat entered RUNNING state, process has stayed up for > than 1 seconds (startsecs)
2025-05-28 11:42:18,667 INFO success: collect_process entered RUNNING state, process has stayed up for > than 1 seconds (startsecs)
2025-05-28 11:42:18,667 INFO success: collect_vmstat entered RUNNING state, process has stayed up for > than 1 seconds (startsecs)
2025-05-28 11:42:18,668 INFO success: gunicorn entered RUNNING state, process has stayed up for > than 1 seconds (startsecs)
2025-05-28 11:42:18,669 INFO success: start_consumer entered RUNNING state, process has stayed up for > than 1 seconds (startsecs)
2025-05-28 13:06:04,356 WARN received SIGTERM indicating exit request
2025-05-28 13:06:04,372 INFO waiting for collect_iostat, collect_metrics, collect_netstat, collect_process, collect_vmstat, gunicorn, start_consumer to die
2025-05-28 13:06:05,721 INFO stopped: start_consumer (exit status 0)
2025-05-28 13:06:06,290 INFO stopped: gunicorn (exit status 0)
2025-05-28 13:06:07,787 INFO stopped: collect_vmstat (exit status 0)
2025-05-28 13:06:07,788 INFO waiting for collect_iostat, collect_metrics, collect_netstat, collect_process to die
2025-05-28 13:06:11,488 INFO waiting for collect_iostat, collect_metrics, collect_netstat, collect_process to die
2025-05-28 13:18:26,853 INFO Set uid to user 0 succeeded
2025-05-28 13:18:26,882 INFO supervisord started with pid 1
2025-05-28 13:18:27,888 INFO spawned: 'collect_iostat' with pid 7
2025-05-28 13:18:27,893 INFO spawned: 'collect_metrics' with pid 8
2025-05-28 13:18:27,899 INFO spawned: 'collect_netstat' with pid 9
2025-05-28 13:18:27,908 INFO spawned: 'collect_process' with pid 10
2025-05-28 13:18:27,914 INFO spawned: 'collect_vmstat' with pid 11
2025-05-28 13:18:27,925 INFO spawned: 'gunicorn' with pid 12
2025-05-28 13:18:27,934 INFO spawned: 'start_consumer' with pid 13
2025-05-28 13:18:28,941 INFO success: collect_iostat entered RUNNING state, process has stayed up for > than 1 seconds (startsecs)
2025-05-28 13:18:28,944 INFO success: collect_metrics entered RUNNING state, process has stayed up for > than 1 seconds (startsecs)
2025-05-28 13:18:28,945 INFO success: collect_netstat entered RUNNING state, process has stayed up for > than 1 seconds (startsecs)
2025-05-28 13:18:28,947 INFO success: collect_process entered RUNNING state, process has stayed up for > than 1 seconds (startsecs)
2025-05-28 13:18:28,948 INFO success: collect_vmstat entered RUNNING state, process has stayed up for > than 1 seconds (startsecs)
2025-05-28 13:18:28,948 INFO success: gunicorn entered RUNNING state, process has stayed up for > than 1 seconds (startsecs)
2025-05-28 13:18:28,949 INFO success: start_consumer entered RUNNING state, process has stayed up for > than 1 seconds (startsecs)
2025-05-28 13:35:56,540 WARN received SIGTERM indicating exit request
2025-05-28 13:35:56,557 INFO waiting for collect_iostat, collect_metrics, collect_netstat, collect_process, collect_vmstat, gunicorn, start_consumer to die
2025-05-28 13:35:56,828 INFO stopped: start_consumer (exit status 0)
2025-05-28 13:35:57,382 INFO stopped: gunicorn (exit status 0)
2025-05-28 13:35:59,333 INFO stopped: collect_vmstat (exit status 0)
2025-05-28 13:36:00,336 INFO waiting for collect_iostat, collect_metrics, collect_netstat, collect_process to die
2025-05-28 13:36:03,341 INFO waiting for collect_iostat, collect_metrics, collect_netstat, collect_process to die
2025-05-28 13:48:28,316 INFO Set uid to user 0 succeeded
2025-05-28 13:48:28,332 INFO supervisord started with pid 1
2025-05-28 13:48:29,336 INFO spawned: 'collect_iostat' with pid 7
2025-05-28 13:48:29,340 INFO spawned: 'collect_metrics' with pid 8
2025-05-28 13:48:29,347 INFO spawned: 'collect_netstat' with pid 9
2025-05-28 13:48:29,352 INFO spawned: 'collect_process' with pid 10
2025-05-28 13:48:29,357 INFO spawned: 'collect_vmstat' with pid 11
2025-05-28 13:48:29,363 INFO spawned: 'gunicorn' with pid 12
2025-05-28 13:48:29,368 INFO spawned: 'start_consumer' with pid 13
2025-05-28 13:48:30,374 INFO success: collect_iostat entered RUNNING state, process has stayed up for > than 1 seconds (startsecs)
2025-05-28 13:48:30,376 INFO success: collect_metrics entered RUNNING state, process has stayed up for > than 1 seconds (startsecs)
2025-05-28 13:48:30,382 INFO success: collect_netstat entered RUNNING state, process has stayed up for > than 1 seconds (startsecs)
2025-05-28 13:48:30,383 INFO success: collect_process entered RUNNING state, process has stayed up for > than 1 seconds (startsecs)
2025-05-28 13:48:30,392 INFO success: collect_vmstat entered RUNNING state, process has stayed up for > than 1 seconds (startsecs)
2025-05-28 13:48:30,393 INFO success: gunicorn entered RUNNING state, process has stayed up for > than 1 seconds (startsecs)
2025-05-28 13:48:30,394 INFO success: start_consumer entered RUNNING state, process has stayed up for > than 1 seconds (startsecs)
2025-05-28 15:10:41,905 WARN received SIGTERM indicating exit request
2025-05-28 15:10:41,963 INFO waiting for collect_iostat, collect_metrics, collect_netstat, collect_process, collect_vmstat, gunicorn, start_consumer to die
2025-05-28 15:10:42,678 INFO stopped: start_consumer (exit status 0)
2025-05-28 15:10:43,136 INFO stopped: gunicorn (exit status 0)
2025-05-28 15:10:45,141 INFO waiting for collect_iostat, collect_metrics, collect_netstat, collect_process, collect_vmstat to die
2025-05-28 15:10:48,203 INFO stopped: collect_vmstat (exit status 0)
2025-05-28 15:10:48,204 INFO waiting for collect_iostat, collect_metrics, collect_netstat, collect_process to die
2025-05-28 15:10:51,209 INFO waiting for collect_iostat, collect_metrics, collect_netstat, collect_process to die
2025-05-29 08:30:25,110 INFO Set uid to user 0 succeeded
2025-05-29 08:30:25,124 INFO supervisord started with pid 1
2025-05-29 08:30:26,128 INFO spawned: 'collect_iostat' with pid 7
2025-05-29 08:30:26,132 INFO spawned: 'collect_metrics' with pid 8
2025-05-29 08:30:26,139 INFO spawned: 'collect_netstat' with pid 9
2025-05-29 08:30:26,144 INFO spawned: 'collect_process' with pid 10
2025-05-29 08:30:26,149 INFO spawned: 'collect_vmstat' with pid 11
2025-05-29 08:30:26,153 INFO spawned: 'gunicorn' with pid 12
2025-05-29 08:30:26,164 INFO spawned: 'start_consumer' with pid 13
2025-05-29 08:30:27,168 INFO success: collect_iostat entered RUNNING state, process has stayed up for > than 1 seconds (startsecs)
2025-05-29 08:30:27,169 INFO success: collect_metrics entered RUNNING state, process has stayed up for > than 1 seconds (startsecs)
2025-05-29 08:30:27,170 INFO success: collect_netstat entered RUNNING state, process has stayed up for > than 1 seconds (startsecs)
2025-05-29 08:30:27,171 INFO success: collect_process entered RUNNING state, process has stayed up for > than 1 seconds (startsecs)
2025-05-29 08:30:27,173 INFO success: collect_vmstat entered RUNNING state, process has stayed up for > than 1 seconds (startsecs)
2025-05-29 08:30:27,174 INFO success: gunicorn entered RUNNING state, process has stayed up for > than 1 seconds (startsecs)
2025-05-29 08:30:27,175 INFO success: start_consumer entered RUNNING state, process has stayed up for > than 1 seconds (startsecs)
2025-05-29 08:52:39,501 WARN received SIGTERM indicating exit request
2025-05-29 08:52:39,514 INFO waiting for collect_iostat, collect_metrics, collect_netstat, collect_process, collect_vmstat, gunicorn, start_consumer to die
2025-05-29 08:52:39,800 INFO stopped: start_consumer (exit status 0)
2025-05-29 08:52:40,277 INFO stopped: gunicorn (exit status 0)
2025-05-29 08:52:41,806 INFO stopped: collect_vmstat (exit status 0)
2025-05-29 08:52:42,809 INFO waiting for collect_iostat, collect_metrics, collect_netstat, collect_process to die
2025-05-29 08:52:45,813 INFO waiting for collect_iostat, collect_metrics, collect_netstat, collect_process to die
2025-05-29 08:52:48,817 INFO waiting for collect_iostat, collect_metrics, collect_netstat, collect_process to die
2025-05-29 08:53:32,207 INFO Set uid to user 0 succeeded
2025-05-29 08:53:32,220 INFO supervisord started with pid 1
2025-05-29 08:53:33,223 INFO spawned: 'collect_iostat' with pid 7
2025-05-29 08:53:33,228 INFO spawned: 'collect_metrics' with pid 8
2025-05-29 08:53:33,233 INFO spawned: 'collect_netstat' with pid 9
2025-05-29 08:53:33,238 INFO spawned: 'collect_process' with pid 10
2025-05-29 08:53:33,244 INFO spawned: 'collect_vmstat' with pid 11
2025-05-29 08:53:33,253 INFO spawned: 'gunicorn' with pid 12
2025-05-29 08:53:33,258 INFO spawned: 'start_consumer' with pid 13
2025-05-29 08:53:34,261 INFO success: collect_iostat entered RUNNING state, process has stayed up for > than 1 seconds (startsecs)
2025-05-29 08:53:34,263 INFO success: collect_metrics entered RUNNING state, process has stayed up for > than 1 seconds (startsecs)
2025-05-29 08:53:34,264 INFO success: collect_netstat entered RUNNING state, process has stayed up for > than 1 seconds (startsecs)
2025-05-29 08:53:34,266 INFO success: collect_process entered RUNNING state, process has stayed up for > than 1 seconds (startsecs)
2025-05-29 08:53:34,270 INFO success: collect_vmstat entered RUNNING state, process has stayed up for > than 1 seconds (startsecs)
2025-05-29 08:53:34,276 INFO success: gunicorn entered RUNNING state, process has stayed up for > than 1 seconds (startsecs)
2025-05-29 08:53:34,280 INFO success: start_consumer entered RUNNING state, process has stayed up for > than 1 seconds (startsecs)
2025-05-29 09:12:45,889 WARN received SIGTERM indicating exit request
2025-05-29 09:12:45,893 INFO waiting for collect_iostat, collect_metrics, collect_netstat, collect_process, collect_vmstat, gunicorn, start_consumer to die
2025-05-29 09:12:46,102 INFO stopped: start_consumer (exit status 0)
2025-05-29 09:12:46,332 INFO stopped: gunicorn (exit status 0)
2025-05-29 09:12:49,284 INFO waiting for collect_iostat, collect_metrics, collect_netstat, collect_process, collect_vmstat to die
2025-05-29 09:12:49,365 INFO stopped: collect_vmstat (exit status 0)
2025-05-29 09:12:52,370 INFO waiting for collect_iostat, collect_metrics, collect_netstat, collect_process to die
2025-05-29 09:13:30,408 INFO Set uid to user 0 succeeded
2025-05-29 09:13:30,421 INFO supervisord started with pid 1
2025-05-29 09:13:31,425 INFO spawned: 'collect_iostat' with pid 7
2025-05-29 09:13:31,429 INFO spawned: 'collect_metrics' with pid 8
2025-05-29 09:13:31,433 INFO spawned: 'collect_netstat' with pid 9
2025-05-29 09:13:31,437 INFO spawned: 'collect_process' with pid 10
2025-05-29 09:13:31,442 INFO spawned: 'collect_vmstat' with pid 11
2025-05-29 09:13:31,447 INFO spawned: 'gunicorn' with pid 12
2025-05-29 09:13:31,451 INFO spawned: 'start_consumer' with pid 13
2025-05-29 09:13:32,454 INFO success: collect_iostat entered RUNNING state, process has stayed up for > than 1 seconds (startsecs)
2025-05-29 09:13:32,455 INFO success: collect_metrics entered RUNNING state, process has stayed up for > than 1 seconds (startsecs)
2025-05-29 09:13:32,455 INFO success: collect_netstat entered RUNNING state, process has stayed up for > than 1 seconds (startsecs)
2025-05-29 09:13:32,456 INFO success: collect_process entered RUNNING state, process has stayed up for > than 1 seconds (startsecs)
2025-05-29 09:13:32,457 INFO success: collect_vmstat entered RUNNING state, process has stayed up for > than 1 seconds (startsecs)
2025-05-29 09:13:32,458 INFO success: gunicorn entered RUNNING state, process has stayed up for > than 1 seconds (startsecs)
2025-05-29 09:13:32,459 INFO success: start_consumer entered RUNNING state, process has stayed up for > than 1 seconds (startsecs)
2025-05-29 09:36:06,061 WARN received SIGTERM indicating exit request
2025-05-29 09:36:06,070 INFO waiting for collect_iostat, collect_metrics, collect_netstat, collect_process, collect_vmstat, gunicorn, start_consumer to die
2025-05-29 09:36:06,288 INFO stopped: start_consumer (exit status 0)
2025-05-29 09:36:06,754 INFO stopped: gunicorn (exit status 0)
2025-05-29 09:36:07,565 INFO stopped: collect_vmstat (exit status 0)
2025-05-29 09:36:08,430 INFO stopped: collect_process (exit status 0)
2025-05-29 09:36:09,433 INFO waiting for collect_iostat, collect_metrics, collect_netstat to die
2025-05-29 09:36:12,437 INFO waiting for collect_iostat, collect_metrics, collect_netstat to die
2025-05-29 09:36:15,441 INFO waiting for collect_iostat, collect_metrics, collect_netstat to die
2025-05-29 09:36:58,441 INFO Set uid to user 0 succeeded
2025-05-29 09:36:58,457 INFO supervisord started with pid 1
2025-05-29 09:36:59,471 INFO spawned: 'collect_iostat' with pid 7
2025-05-29 09:36:59,474 INFO spawned: 'collect_metrics' with pid 8
2025-05-29 09:36:59,478 INFO spawned: 'collect_netstat' with pid 9
2025-05-29 09:36:59,480 INFO spawned: 'collect_process' with pid 10
2025-05-29 09:36:59,483 INFO spawned: 'collect_vmstat' with pid 11
2025-05-29 09:36:59,490 INFO spawned: 'gunicorn' with pid 12
2025-05-29 09:36:59,494 INFO spawned: 'start_consumer' with pid 13
2025-05-29 09:37:00,497 INFO success: collect_iostat entered RUNNING state, process has stayed up for > than 1 seconds (startsecs)
2025-05-29 09:37:00,498 INFO success: collect_metrics entered RUNNING state, process has stayed up for > than 1 seconds (startsecs)
2025-05-29 09:37:00,500 INFO success: collect_netstat entered RUNNING state, process has stayed up for > than 1 seconds (startsecs)
2025-05-29 09:37:00,501 INFO success: collect_process entered RUNNING state, process has stayed up for > than 1 seconds (startsecs)
2025-05-29 09:37:00,502 INFO success: collect_vmstat entered RUNNING state, process has stayed up for > than 1 seconds (startsecs)
2025-05-29 09:37:00,502 INFO success: gunicorn entered RUNNING state, process has stayed up for > than 1 seconds (startsecs)
2025-05-29 09:37:00,505 INFO success: start_consumer entered RUNNING state, process has stayed up for > than 1 seconds (startsecs)
2025-05-29 09:46:29,409 WARN received SIGTERM indicating exit request
2025-05-29 09:46:29,413 INFO waiting for collect_iostat, collect_metrics, collect_netstat, collect_process, collect_vmstat, gunicorn, start_consumer to die
2025-05-29 09:46:29,589 INFO stopped: start_consumer (exit status 0)
2025-05-29 09:46:29,830 INFO stopped: gunicorn (exit status 0)
2025-05-29 09:46:31,048 INFO stopped: collect_vmstat (exit status 0)
2025-05-29 09:46:33,052 INFO waiting for collect_iostat, collect_metrics, collect_netstat, collect_process to die
2025-05-29 09:46:33,976 INFO stopped: collect_process (exit status 0)
2025-05-29 09:46:34,167 INFO stopped: collect_netstat (exit status 0)
2025-05-29 09:46:36,010 INFO stopped: collect_metrics (exit status 0)
2025-05-29 09:46:37,012 INFO waiting for collect_iostat to die
2025-05-29 09:46:37,751 INFO stopped: collect_iostat (exit status 0)
2025-05-29 09:47:17,203 INFO Set uid to user 0 succeeded
2025-05-29 09:47:17,217 INFO supervisord started with pid 1
2025-05-29 09:47:18,220 INFO spawned: 'collect_iostat' with pid 7
2025-05-29 09:47:18,223 INFO spawned: 'collect_metrics' with pid 8
2025-05-29 09:47:18,226 INFO spawned: 'collect_netstat' with pid 9
2025-05-29 09:47:18,231 INFO spawned: 'collect_process' with pid 10
2025-05-29 09:47:18,235 INFO spawned: 'collect_vmstat' with pid 11
2025-05-29 09:47:18,239 INFO spawned: 'gunicorn' with pid 12
2025-05-29 09:47:18,243 INFO spawned: 'start_consumer' with pid 13
2025-05-29 09:47:19,248 INFO success: collect_iostat entered RUNNING state, process has stayed up for > than 1 seconds (startsecs)
2025-05-29 09:47:19,249 INFO success: collect_metrics entered RUNNING state, process has stayed up for > than 1 seconds (startsecs)
2025-05-29 09:47:19,250 INFO success: collect_netstat entered RUNNING state, process has stayed up for > than 1 seconds (startsecs)
2025-05-29 09:47:19,251 INFO success: collect_process entered RUNNING state, process has stayed up for > than 1 seconds (startsecs)
2025-05-29 09:47:19,251 INFO success: collect_vmstat entered RUNNING state, process has stayed up for > than 1 seconds (startsecs)
2025-05-29 09:47:19,252 INFO success: gunicorn entered RUNNING state, process has stayed up for > than 1 seconds (startsecs)
2025-05-29 09:47:19,252 INFO success: start_consumer entered RUNNING state, process has stayed up for > than 1 seconds (startsecs)
2025-05-29 09:55:10,090 WARN received SIGTERM indicating exit request
2025-05-29 09:55:10,098 INFO waiting for collect_iostat, collect_metrics, collect_netstat, collect_process, collect_vmstat, gunicorn, start_consumer to die
2025-05-29 09:55:10,241 INFO stopped: start_consumer (exit status 0)
2025-05-29 09:55:10,476 INFO stopped: gunicorn (exit status 0)
2025-05-29 09:55:11,833 INFO stopped: collect_vmstat (exit status 0)
2025-05-29 09:55:13,837 INFO waiting for collect_iostat, collect_metrics, collect_netstat, collect_process to die
2025-05-29 09:55:16,841 INFO waiting for collect_iostat, collect_metrics, collect_netstat, collect_process to die
2025-05-29 09:55:59,399 INFO Set uid to user 0 succeeded
2025-05-29 09:55:59,408 INFO supervisord started with pid 1
2025-05-29 09:56:00,411 INFO spawned: 'collect_iostat' with pid 7
2025-05-29 09:56:00,414 INFO spawned: 'collect_metrics' with pid 8
2025-05-29 09:56:00,418 INFO spawned: 'collect_netstat' with pid 9
2025-05-29 09:56:00,422 INFO spawned: 'collect_process' with pid 10
2025-05-29 09:56:00,426 INFO spawned: 'collect_vmstat' with pid 11
2025-05-29 09:56:00,430 INFO spawned: 'gunicorn' with pid 12
2025-05-29 09:56:00,435 INFO spawned: 'start_consumer' with pid 13
2025-05-29 09:56:01,438 INFO success: collect_iostat entered RUNNING state, process has stayed up for > than 1 seconds (startsecs)
2025-05-29 09:56:01,439 INFO success: collect_metrics entered RUNNING state, process has stayed up for > than 1 seconds (startsecs)
2025-05-29 09:56:01,440 INFO success: collect_netstat entered RUNNING state, process has stayed up for > than 1 seconds (startsecs)
2025-05-29 09:56:01,441 INFO success: collect_process entered RUNNING state, process has stayed up for > than 1 seconds (startsecs)
2025-05-29 09:56:01,442 INFO success: collect_vmstat entered RUNNING state, process has stayed up for > than 1 seconds (startsecs)
2025-05-29 09:56:01,443 INFO success: gunicorn entered RUNNING state, process has stayed up for > than 1 seconds (startsecs)
2025-05-29 09:56:01,443 INFO success: start_consumer entered RUNNING state, process has stayed up for > than 1 seconds (startsecs)
2025-05-29 10:22:08,218 WARN received SIGTERM indicating exit request
2025-05-29 10:22:08,238 INFO waiting for collect_iostat, collect_metrics, collect_netstat, collect_process, collect_vmstat, gunicorn, start_consumer to die
2025-05-29 10:22:08,956 INFO stopped: start_consumer (exit status 0)
2025-05-29 10:22:09,477 INFO stopped: gunicorn (exit status 0)
2025-05-29 10:22:11,431 INFO waiting for collect_iostat, collect_metrics, collect_netstat, collect_process, collect_vmstat to die
2025-05-29 10:22:12,915 INFO stopped: collect_vmstat (exit status 0)
2025-05-29 10:22:14,920 INFO waiting for collect_iostat, collect_metrics, collect_netstat, collect_process to die
2025-05-29 10:23:07,228 INFO Set uid to user 0 succeeded
2025-05-29 10:23:07,243 INFO supervisord started with pid 1
2025-05-29 10:23:08,247 INFO spawned: 'collect_iostat' with pid 7
2025-05-29 10:23:08,249 INFO spawned: 'collect_metrics' with pid 8
2025-05-29 10:23:08,256 INFO spawned: 'collect_netstat' with pid 9
2025-05-29 10:23:08,261 INFO spawned: 'collect_process' with pid 10
2025-05-29 10:23:08,265 INFO spawned: 'collect_vmstat' with pid 11
2025-05-29 10:23:08,274 INFO spawned: 'gunicorn' with pid 12
2025-05-29 10:23:08,278 INFO spawned: 'start_consumer' with pid 13
2025-05-29 10:23:09,278 INFO success: collect_iostat entered RUNNING state, process has stayed up for > than 1 seconds (startsecs)
2025-05-29 10:23:09,279 INFO success: collect_metrics entered RUNNING state, process has stayed up for > than 1 seconds (startsecs)
2025-05-29 10:23:09,280 INFO success: collect_netstat entered RUNNING state, process has stayed up for > than 1 seconds (startsecs)
2025-05-29 10:23:09,282 INFO success: collect_process entered RUNNING state, process has stayed up for > than 1 seconds (startsecs)
2025-05-29 10:23:09,283 INFO success: collect_vmstat entered RUNNING state, process has stayed up for > than 1 seconds (startsecs)
2025-05-29 10:23:09,284 INFO success: gunicorn entered RUNNING state, process has stayed up for > than 1 seconds (startsecs)
2025-05-29 10:23:09,285 INFO success: start_consumer entered RUNNING state, process has stayed up for > than 1 seconds (startsecs)
2025-05-29 13:19:51,495 WARN received SIGTERM indicating exit request
2025-05-29 13:19:51,507 INFO waiting for collect_iostat, collect_metrics, collect_netstat, collect_process, collect_vmstat, gunicorn, start_consumer to die
2025-05-29 13:19:52,744 INFO stopped: start_consumer (exit status 0)
2025-05-29 13:19:53,732 INFO stopped: gunicorn (exit status 0)
2025-05-29 13:19:54,760 INFO stopped: collect_vmstat (exit status 0)
2025-05-29 13:19:54,761 INFO waiting for collect_iostat, collect_metrics, collect_netstat, collect_process to die
2025-05-29 13:19:57,766 INFO waiting for collect_iostat, collect_metrics, collect_netstat, collect_process to die
2025-05-29 13:51:33,118 INFO Set uid to user 0 succeeded
2025-05-29 13:51:33,131 INFO supervisord started with pid 1
2025-05-29 13:51:34,135 INFO spawned: 'collect_iostat' with pid 7
2025-05-29 13:51:34,140 INFO spawned: 'collect_metrics' with pid 8
2025-05-29 13:51:34,145 INFO spawned: 'collect_netstat' with pid 9
2025-05-29 13:51:34,150 INFO spawned: 'collect_process' with pid 10
2025-05-29 13:51:34,154 INFO spawned: 'collect_vmstat' with pid 11
2025-05-29 13:51:34,160 INFO spawned: 'gunicorn' with pid 12
2025-05-29 13:51:34,164 INFO spawned: 'start_consumer' with pid 13
2025-05-29 13:51:35,170 INFO success: collect_iostat entered RUNNING state, process has stayed up for > than 1 seconds (startsecs)
2025-05-29 13:51:35,171 INFO success: collect_metrics entered RUNNING state, process has stayed up for > than 1 seconds (startsecs)
2025-05-29 13:51:35,174 INFO success: collect_netstat entered RUNNING state, process has stayed up for > than 1 seconds (startsecs)
2025-05-29 13:51:35,176 INFO success: collect_process entered RUNNING state, process has stayed up for > than 1 seconds (startsecs)
2025-05-29 13:51:35,178 INFO success: collect_vmstat entered RUNNING state, process has stayed up for > than 1 seconds (startsecs)
2025-05-29 13:51:35,179 INFO success: gunicorn entered RUNNING state, process has stayed up for > than 1 seconds (startsecs)
2025-05-29 13:51:35,179 INFO success: start_consumer entered RUNNING state, process has stayed up for > than 1 seconds (startsecs)
2025-05-29 14:03:28,972 WARN received SIGTERM indicating exit request
2025-05-29 14:03:29,008 INFO waiting for collect_iostat, collect_metrics, collect_netstat, collect_process, collect_vmstat, gunicorn, start_consumer to die
2025-05-29 14:03:29,622 INFO stopped: start_consumer (exit status 0)
2025-05-29 14:03:30,284 INFO stopped: gunicorn (exit status 0)
2025-05-29 14:03:32,290 INFO waiting for collect_iostat, collect_metrics, collect_netstat, collect_process, collect_vmstat to die
2025-05-29 14:03:33,267 INFO stopped: collect_vmstat (exit status 0)
2025-05-29 14:03:36,271 INFO waiting for collect_iostat, collect_metrics, collect_netstat, collect_process to die
2025-05-29 14:04:28,104 INFO Set uid to user 0 succeeded
2025-05-29 14:04:28,117 INFO supervisord started with pid 1
2025-05-29 14:04:29,121 INFO spawned: 'collect_iostat' with pid 7
2025-05-29 14:04:29,127 INFO spawned: 'collect_metrics' with pid 8
2025-05-29 14:04:29,133 INFO spawned: 'collect_netstat' with pid 9
2025-05-29 14:04:29,140 INFO spawned: 'collect_process' with pid 10
2025-05-29 14:04:29,146 INFO spawned: 'collect_vmstat' with pid 11
2025-05-29 14:04:29,156 INFO spawned: 'gunicorn' with pid 12
2025-05-29 14:04:29,165 INFO spawned: 'start_consumer' with pid 13
2025-05-29 14:04:30,170 INFO success: collect_iostat entered RUNNING state, process has stayed up for > than 1 seconds (startsecs)
2025-05-29 14:04:30,171 INFO success: collect_metrics entered RUNNING state, process has stayed up for > than 1 seconds (startsecs)
2025-05-29 14:04:30,172 INFO success: collect_netstat entered RUNNING state, process has stayed up for > than 1 seconds (startsecs)
2025-05-29 14:04:30,174 INFO success: collect_process entered RUNNING state, process has stayed up for > than 1 seconds (startsecs)
2025-05-29 14:04:30,174 INFO success: collect_vmstat entered RUNNING state, process has stayed up for > than 1 seconds (startsecs)
2025-05-29 14:04:30,175 INFO success: gunicorn entered RUNNING state, process has stayed up for > than 1 seconds (startsecs)
2025-05-29 14:04:30,176 INFO success: start_consumer entered RUNNING state, process has stayed up for > than 1 seconds (startsecs)
2025-05-29 14:22:40,292 WARN received SIGTERM indicating exit request
2025-05-29 14:22:40,302 INFO waiting for collect_iostat, collect_metrics, collect_netstat, collect_process, collect_vmstat, gunicorn, start_consumer to die
2025-05-29 14:22:40,827 INFO stopped: start_consumer (exit status 0)
2025-05-29 14:22:41,767 INFO stopped: gunicorn (exit status 0)
2025-05-29 14:22:43,739 INFO waiting for collect_iostat, collect_metrics, collect_netstat, collect_process, collect_vmstat to die
2025-05-29 14:22:44,741 INFO stopped: collect_vmstat (exit status 0)
2025-05-29 14:22:46,755 INFO waiting for collect_iostat, collect_metrics, collect_netstat, collect_process to die
2025-05-29 14:22:49,759 INFO waiting for collect_iostat, collect_metrics, collect_netstat, collect_process to die
2025-05-29 14:34:31,867 INFO Set uid to user 0 succeeded
2025-05-29 14:34:31,887 INFO supervisord started with pid 1
2025-05-29 14:34:32,891 INFO spawned: 'collect_iostat' with pid 7
2025-05-29 14:34:32,896 INFO spawned: 'collect_metrics' with pid 8
2025-05-29 14:34:32,902 INFO spawned: 'collect_netstat' with pid 9
2025-05-29 14:34:32,907 INFO spawned: 'collect_process' with pid 10
2025-05-29 14:34:32,913 INFO spawned: 'collect_vmstat' with pid 11
2025-05-29 14:34:32,918 INFO spawned: 'gunicorn' with pid 12
2025-05-29 14:34:32,926 INFO spawned: 'start_consumer' with pid 13
2025-05-29 14:34:33,930 INFO success: collect_iostat entered RUNNING state, process has stayed up for > than 1 seconds (startsecs)
2025-05-29 14:34:33,935 INFO success: collect_metrics entered RUNNING state, process has stayed up for > than 1 seconds (startsecs)
2025-05-29 14:34:33,937 INFO success: collect_netstat entered RUNNING state, process has stayed up for > than 1 seconds (startsecs)
2025-05-29 14:34:33,939 INFO success: collect_process entered RUNNING state, process has stayed up for > than 1 seconds (startsecs)
2025-05-29 14:34:33,939 INFO success: collect_vmstat entered RUNNING state, process has stayed up for > than 1 seconds (startsecs)
2025-05-29 14:34:33,940 INFO success: gunicorn entered RUNNING state, process has stayed up for > than 1 seconds (startsecs)
2025-05-29 14:34:33,941 INFO success: start_consumer entered RUNNING state, process has stayed up for > than 1 seconds (startsecs)
2025-05-29 14:34:36,296 WARN exited: start_consumer (exit status 1; not expected)
2025-05-29 14:34:36,526 INFO spawned: 'start_consumer' with pid 16
2025-05-29 14:34:37,672 INFO success: start_consumer entered RUNNING state, process has stayed up for > than 1 seconds (startsecs)
2025-05-29 14:34:38,985 WARN exited: start_consumer (exit status 1; not expected)
2025-05-29 14:34:39,990 INFO spawned: 'start_consumer' with pid 42
2025-05-29 14:34:40,992 INFO success: start_consumer entered RUNNING state, process has stayed up for > than 1 seconds (startsecs)
2025-05-29 14:34:42,128 WARN exited: start_consumer (exit status 1; not expected)
2025-05-29 14:34:43,132 INFO spawned: 'start_consumer' with pid 43
2025-05-29 14:34:44,138 INFO success: start_consumer entered RUNNING state, process has stayed up for > than 1 seconds (startsecs)
2025-05-29 14:34:45,800 WARN exited: start_consumer (exit status 1; not expected)
2025-05-29 14:34:46,804 INFO spawned: 'start_consumer' with pid 44
2025-05-29 14:34:47,807 INFO success: start_consumer entered RUNNING state, process has stayed up for > than 1 seconds (startsecs)
2025-05-29 14:34:48,931 WARN exited: start_consumer (exit status 1; not expected)
2025-05-29 14:34:49,198 INFO spawned: 'start_consumer' with pid 45
2025-05-29 14:34:50,204 INFO success: start_consumer entered RUNNING state, process has stayed up for > than 1 seconds (startsecs)
2025-05-29 14:34:51,428 WARN exited: start_consumer (exit status 1; not expected)
2025-05-29 14:34:52,255 INFO spawned: 'start_consumer' with pid 46
2025-05-29 14:34:53,257 INFO success: start_consumer entered RUNNING state, process has stayed up for > than 1 seconds (startsecs)
2025-05-29 14:34:53,453 WARN exited: start_consumer (exit status 1; not expected)
2025-05-29 14:34:54,456 INFO spawned: 'start_consumer' with pid 47
2025-05-29 14:34:55,457 INFO success: start_consumer entered RUNNING state, process has stayed up for > than 1 seconds (startsecs)
2025-05-29 14:34:55,701 WARN exited: start_consumer (exit status 1; not expected)
2025-05-29 14:34:56,393 INFO spawned: 'start_consumer' with pid 48
2025-05-29 14:34:57,396 INFO success: start_consumer entered RUNNING state, process has stayed up for > than 1 seconds (startsecs)
2025-05-29 14:34:57,602 WARN exited: start_consumer (exit status 1; not expected)
2025-05-29 14:34:58,606 INFO spawned: 'start_consumer' with pid 49
2025-05-29 14:34:59,608 INFO success: start_consumer entered RUNNING state, process has stayed up for > than 1 seconds (startsecs)
2025-05-29 14:34:59,817 WARN exited: start_consumer (exit status 1; not expected)
2025-05-29 14:35:00,344 INFO spawned: 'start_consumer' with pid 50
2025-05-29 14:35:01,347 INFO success: start_consumer entered RUNNING state, process has stayed up for > than 1 seconds (startsecs)
2025-05-29 14:35:01,696 WARN exited: start_consumer (exit status 1; not expected)
2025-05-29 14:35:02,501 INFO spawned: 'start_consumer' with pid 51
2025-05-29 14:35:03,504 INFO success: start_consumer entered RUNNING state, process has stayed up for > than 1 seconds (startsecs)
2025-05-29 14:35:03,709 WARN exited: start_consumer (exit status 1; not expected)
2025-05-29 14:35:04,712 INFO spawned: 'start_consumer' with pid 52
2025-05-29 14:35:05,714 INFO success: start_consumer entered RUNNING state, process has stayed up for > than 1 seconds (startsecs)
2025-05-29 14:35:05,954 WARN exited: start_consumer (exit status 1; not expected)
2025-05-29 14:35:06,957 INFO spawned: 'start_consumer' with pid 53
2025-05-29 14:35:08,093 INFO success: start_consumer entered RUNNING state, process has stayed up for > than 1 seconds (startsecs)
2025-05-29 14:35:08,187 WARN exited: start_consumer (exit status 1; not expected)
2025-05-29 14:35:08,843 INFO spawned: 'start_consumer' with pid 54
2025-05-29 14:35:09,842 INFO success: start_consumer entered RUNNING state, process has stayed up for > than 1 seconds (startsecs)
2025-05-29 14:35:10,327 WARN exited: start_consumer (exit status 1; not expected)
2025-05-29 14:35:11,331 INFO spawned: 'start_consumer' with pid 55
2025-05-29 14:35:12,685 INFO success: start_consumer entered RUNNING state, process has stayed up for > than 1 seconds (startsecs)
2025-05-29 14:35:12,818 WARN exited: start_consumer (exit status 1; not expected)
2025-05-29 14:35:13,821 INFO spawned: 'start_consumer' with pid 56
2025-05-29 14:35:14,822 INFO success: start_consumer entered RUNNING state, process has stayed up for > than 1 seconds (startsecs)
2025-05-29 14:35:15,100 WARN exited: start_consumer (exit status 1; not expected)
2025-05-29 14:35:15,255 INFO spawned: 'start_consumer' with pid 57
2025-05-29 14:35:16,257 INFO success: start_consumer entered RUNNING state, process has stayed up for > than 1 seconds (startsecs)
2025-05-29 14:35:16,815 WARN exited: start_consumer (exit status 1; not expected)
2025-05-29 14:35:17,818 INFO spawned: 'start_consumer' with pid 58
2025-05-29 14:35:18,820 INFO success: start_consumer entered RUNNING state, process has stayed up for > than 1 seconds (startsecs)
2025-05-29 14:35:19,265 WARN exited: start_consumer (exit status 1; not expected)
2025-05-29 14:35:20,269 INFO spawned: 'start_consumer' with pid 59
2025-05-29 14:35:21,272 INFO success: start_consumer entered RUNNING state, process has stayed up for > than 1 seconds (startsecs)
2025-05-29 14:35:22,136 WARN exited: start_consumer (exit status 1; not expected)
2025-05-29 14:35:22,527 INFO spawned: 'start_consumer' with pid 60
2025-05-29 14:35:23,852 INFO success: start_consumer entered RUNNING state, process has stayed up for > than 1 seconds (startsecs)
2025-05-29 14:35:24,188 WARN exited: start_consumer (exit status 1; not expected)
2025-05-29 14:35:25,191 INFO spawned: 'start_consumer' with pid 61
2025-05-29 14:35:26,193 INFO success: start_consumer entered RUNNING state, process has stayed up for > than 1 seconds (startsecs)
2025-05-29 14:35:26,626 WARN exited: start_consumer (exit status 1; not expected)
2025-05-29 14:35:27,317 INFO spawned: 'start_consumer' with pid 62
2025-05-29 14:35:28,320 INFO success: start_consumer entered RUNNING state, process has stayed up for > than 1 seconds (startsecs)
2025-05-29 14:35:28,622 WARN exited: start_consumer (exit status 1; not expected)
2025-05-29 14:35:29,625 INFO spawned: 'start_consumer' with pid 63
2025-05-29 14:35:30,628 INFO success: start_consumer entered RUNNING state, process has stayed up for > than 1 seconds (startsecs)
2025-05-29 14:35:30,891 WARN exited: start_consumer (exit status 1; not expected)
2025-05-29 14:35:31,896 INFO spawned: 'start_consumer' with pid 64
2025-05-29 14:35:32,901 INFO success: start_consumer entered RUNNING state, process has stayed up for > than 1 seconds (startsecs)
2025-05-29 14:35:33,213 WARN exited: start_consumer (exit status 1; not expected)
2025-05-29 14:35:33,347 INFO spawned: 'start_consumer' with pid 65
2025-05-29 14:35:34,578 INFO success: start_consumer entered RUNNING state, process has stayed up for > than 1 seconds (startsecs)
2025-05-29 14:35:34,688 WARN exited: start_consumer (exit status 1; not expected)
2025-05-29 14:35:35,691 INFO spawned: 'start_consumer' with pid 66
2025-05-29 14:35:36,693 INFO success: start_consumer entered RUNNING state, process has stayed up for > than 1 seconds (startsecs)
2025-05-29 14:35:37,186 WARN exited: start_consumer (exit status 1; not expected)
2025-05-29 14:35:37,482 INFO spawned: 'start_consumer' with pid 67
2025-05-29 14:35:38,563 INFO success: start_consumer entered RUNNING state, process has stayed up for > than 1 seconds (startsecs)
2025-05-29 14:35:38,869 WARN exited: start_consumer (exit status 1; not expected)
2025-05-29 14:35:39,381 INFO spawned: 'start_consumer' with pid 68
2025-05-29 14:35:40,384 INFO success: start_consumer entered RUNNING state, process has stayed up for > than 1 seconds (startsecs)
2025-05-29 14:35:40,796 WARN exited: start_consumer (exit status 1; not expected)
2025-05-29 14:35:41,801 INFO spawned: 'start_consumer' with pid 69
2025-05-29 14:35:42,803 INFO success: start_consumer entered RUNNING state, process has stayed up for > than 1 seconds (startsecs)
2025-05-29 14:35:43,588 WARN exited: start_consumer (exit status 1; not expected)
2025-05-29 14:35:44,593 INFO spawned: 'start_consumer' with pid 70
2025-05-29 14:35:46,296 INFO success: start_consumer entered RUNNING state, process has stayed up for > than 1 seconds (startsecs)
2025-05-29 14:35:46,444 WARN exited: start_consumer (exit status 1; not expected)
2025-05-29 14:35:47,448 INFO spawned: 'start_consumer' with pid 71
2025-05-29 14:35:48,455 INFO success: start_consumer entered RUNNING state, process has stayed up for > than 1 seconds (startsecs)
2025-05-29 14:35:49,268 WARN exited: start_consumer (exit status 1; not expected)
2025-05-29 14:35:50,274 INFO spawned: 'start_consumer' with pid 72
2025-05-29 14:35:51,276 INFO success: start_consumer entered RUNNING state, process has stayed up for > than 1 seconds (startsecs)
2025-05-29 14:35:51,769 WARN exited: start_consumer (exit status 1; not expected)
2025-05-29 14:35:52,685 INFO spawned: 'start_consumer' with pid 73
2025-05-29 14:35:53,688 INFO success: start_consumer entered RUNNING state, process has stayed up for > than 1 seconds (startsecs)
2025-05-29 14:35:54,092 WARN exited: start_consumer (exit status 1; not expected)
2025-05-29 14:35:55,095 INFO spawned: 'start_consumer' with pid 74
2025-05-29 14:35:56,296 INFO success: start_consumer entered RUNNING state, process has stayed up for > than 1 seconds (startsecs)
2025-05-29 14:35:56,387 WARN exited: start_consumer (exit status 1; not expected)
2025-05-29 14:35:57,390 INFO spawned: 'start_consumer' with pid 75
2025-05-29 14:35:58,474 INFO success: start_consumer entered RUNNING state, process has stayed up for > than 1 seconds (startsecs)
2025-05-29 14:35:58,748 WARN exited: start_consumer (exit status 1; not expected)
2025-05-29 14:35:59,750 INFO spawned: 'start_consumer' with pid 76
2025-05-29 14:36:00,752 INFO success: start_consumer entered RUNNING state, process has stayed up for > than 1 seconds (startsecs)
2025-05-29 14:36:01,315 WARN exited: start_consumer (exit status 1; not expected)
2025-05-29 14:36:02,319 INFO spawned: 'start_consumer' with pid 77
2025-05-29 14:36:03,321 INFO success: start_consumer entered RUNNING state, process has stayed up for > than 1 seconds (startsecs)
2025-05-29 14:36:03,642 WARN exited: start_consumer (exit status 1; not expected)
2025-05-29 14:36:04,645 INFO spawned: 'start_consumer' with pid 78
2025-05-29 14:36:05,647 INFO success: start_consumer entered RUNNING state, process has stayed up for > than 1 seconds (startsecs)
2025-05-29 14:36:05,982 WARN exited: start_consumer (exit status 1; not expected)
2025-05-29 14:36:06,984 INFO spawned: 'start_consumer' with pid 79
2025-05-29 14:36:08,097 INFO success: start_consumer entered RUNNING state, process has stayed up for > than 1 seconds (startsecs)
2025-05-29 14:36:08,188 WARN exited: start_consumer (exit status 1; not expected)
2025-05-29 14:36:09,190 INFO spawned: 'start_consumer' with pid 80
2025-05-29 14:36:10,349 INFO success: start_consumer entered RUNNING state, process has stayed up for > than 1 seconds (startsecs)
2025-05-29 14:36:10,477 WARN exited: start_consumer (exit status 1; not expected)
2025-05-29 14:36:11,479 INFO spawned: 'start_consumer' with pid 81
2025-05-29 14:36:12,482 INFO success: start_consumer entered RUNNING state, process has stayed up for > than 1 seconds (startsecs)
2025-05-29 14:36:12,761 WARN exited: start_consumer (exit status 1; not expected)
2025-05-29 14:36:13,764 INFO spawned: 'start_consumer' with pid 82
2025-05-29 14:36:14,766 INFO success: start_consumer entered RUNNING state, process has stayed up for > than 1 seconds (startsecs)
2025-05-29 14:36:15,129 WARN exited: start_consumer (exit status 1; not expected)
2025-05-29 14:36:15,575 INFO spawned: 'start_consumer' with pid 83
2025-05-29 14:36:16,578 INFO success: start_consumer entered RUNNING state, process has stayed up for > than 1 seconds (startsecs)
2025-05-29 14:36:16,986 WARN exited: start_consumer (exit status 1; not expected)
2025-05-29 14:36:17,989 INFO spawned: 'start_consumer' with pid 84
2025-05-29 14:36:19,011 INFO success: start_consumer entered RUNNING state, process has stayed up for > than 1 seconds (startsecs)
2025-05-29 14:36:19,458 WARN exited: start_consumer (exit status 1; not expected)
2025-05-29 14:36:20,464 INFO spawned: 'start_consumer' with pid 85
2025-05-29 14:36:21,493 INFO success: start_consumer entered RUNNING state, process has stayed up for > than 1 seconds (startsecs)
2025-05-29 14:36:22,292 WARN exited: start_consumer (exit status 1; not expected)
2025-05-29 14:36:22,744 INFO spawned: 'start_consumer' with pid 86
2025-05-29 14:36:23,759 INFO success: start_consumer entered RUNNING state, process has stayed up for > than 1 seconds (startsecs)
2025-05-29 14:36:23,760 WARN exited: start_consumer (exit status 1; not expected)
2025-05-29 14:36:24,762 INFO spawned: 'start_consumer' with pid 87
2025-05-29 14:36:25,751 WARN exited: start_consumer (exit status 1; not expected)
2025-05-29 14:36:26,755 INFO spawned: 'start_consumer' with pid 88
2025-05-29 14:36:27,745 WARN exited: start_consumer (exit status 1; not expected)
2025-05-29 14:36:30,043 INFO spawned: 'start_consumer' with pid 89
2025-05-29 14:36:31,039 WARN exited: start_consumer (exit status 1; not expected)
2025-05-29 14:36:34,667 INFO spawned: 'start_consumer' with pid 90
2025-05-29 14:36:35,668 INFO success: start_consumer entered RUNNING state, process has stayed up for > than 1 seconds (startsecs)
2025-05-29 14:36:35,754 WARN exited: start_consumer (exit status 1; not expected)
2025-05-29 14:36:36,758 INFO spawned: 'start_consumer' with pid 91
2025-05-29 14:36:37,774 INFO success: start_consumer entered RUNNING state, process has stayed up for > than 1 seconds (startsecs)
2025-05-29 14:36:37,777 WARN exited: start_consumer (exit status 1; not expected)
2025-05-29 14:36:38,780 INFO spawned: 'start_consumer' with pid 92
2025-05-29 14:36:39,849 INFO success: start_consumer entered RUNNING state, process has stayed up for > than 1 seconds (startsecs)
2025-05-29 14:36:39,850 WARN exited: start_consumer (exit status 1; not expected)
2025-05-29 14:36:40,069 INFO spawned: 'start_consumer' with pid 93
2025-05-29 14:36:41,109 INFO success: start_consumer entered RUNNING state, process has stayed up for > than 1 seconds (startsecs)
2025-05-29 14:36:41,109 WARN exited: start_consumer (exit status 1; not expected)
2025-05-29 14:36:42,113 INFO spawned: 'start_consumer' with pid 94
2025-05-29 14:36:43,076 WARN exited: start_consumer (exit status 1; not expected)
2025-05-29 14:36:44,079 INFO spawned: 'start_consumer' with pid 95
2025-05-29 14:36:44,978 WARN exited: start_consumer (exit status 1; not expected)
2025-05-29 14:36:47,724 INFO spawned: 'start_consumer' with pid 96
2025-05-29 14:36:48,723 INFO success: start_consumer entered RUNNING state, process has stayed up for > than 1 seconds (startsecs)
2025-05-29 14:36:48,819 WARN exited: start_consumer (exit status 1; not expected)
2025-05-29 14:36:49,822 INFO spawned: 'start_consumer' with pid 97
2025-05-29 14:36:50,884 INFO success: start_consumer entered RUNNING state, process has stayed up for > than 1 seconds (startsecs)
2025-05-29 14:36:50,885 WARN exited: start_consumer (exit status 1; not expected)
2025-05-29 14:36:51,096 INFO spawned: 'start_consumer' with pid 98
2025-05-29 14:36:52,142 INFO success: start_consumer entered RUNNING state, process has stayed up for > than 1 seconds (startsecs)
2025-05-29 14:36:52,142 WARN exited: start_consumer (exit status 1; not expected)
2025-05-29 14:36:52,803 INFO spawned: 'start_consumer' with pid 99
2025-05-29 14:36:53,805 INFO success: start_consumer entered RUNNING state, process has stayed up for > than 1 seconds (startsecs)
2025-05-29 14:36:54,066 WARN exited: start_consumer (exit status 1; not expected)
2025-05-29 14:36:55,069 INFO spawned: 'start_consumer' with pid 100
2025-05-29 14:36:56,028 WARN exited: start_consumer (exit status 1; not expected)
2025-05-29 14:36:57,032 INFO spawned: 'start_consumer' with pid 101
2025-05-29 14:36:58,012 WARN exited: start_consumer (exit status 1; not expected)
2025-05-29 14:37:00,017 INFO spawned: 'start_consumer' with pid 102
2025-05-29 14:37:01,019 INFO success: start_consumer entered RUNNING state, process has stayed up for > than 1 seconds (startsecs)
2025-05-29 14:37:01,151 WARN exited: start_consumer (exit status 1; not expected)
2025-05-29 14:37:02,126 INFO spawned: 'start_consumer' with pid 103
2025-05-29 14:37:03,120 WARN exited: start_consumer (exit status 1; not expected)
2025-05-29 14:37:04,815 INFO spawned: 'start_consumer' with pid 104
2025-05-29 14:37:05,750 WARN exited: start_consumer (exit status 1; not expected)
2025-05-29 14:37:07,831 INFO spawned: 'start_consumer' with pid 105
2025-05-29 14:37:08,761 WARN exited: start_consumer (exit status 1; not expected)
2025-05-29 14:37:11,846 INFO spawned: 'start_consumer' with pid 106
2025-05-29 14:37:12,815 WARN exited: start_consumer (exit status 1; not expected)
2025-05-29 14:37:13,155 INFO gave up: start_consumer entered FATAL state, too many start retries too quickly
2025-05-29 14:49:06,052 WARN received SIGTERM indicating exit request
2025-05-29 14:49:06,053 INFO waiting for collect_iostat, collect_metrics, collect_netstat, collect_process, collect_vmstat, gunicorn to die
2025-05-29 14:49:07,433 INFO stopped: gunicorn (exit status 0)
2025-05-29 14:49:08,254 INFO stopped: collect_vmstat (exit status 0)
2025-05-29 14:49:09,177 INFO stopped: collect_process (exit status 0)
2025-05-29 14:49:09,177 INFO waiting for collect_iostat, collect_metrics, collect_netstat to die
2025-05-29 14:49:10,915 INFO stopped: collect_netstat (exit status 0)
2025-05-29 14:49:12,217 INFO waiting for collect_iostat, collect_metrics to die
2025-05-29 14:49:12,480 INFO stopped: collect_metrics (exit status 0)
2025-05-29 14:49:15,485 INFO waiting for collect_iostat to die
2025-05-29 15:00:42,278 INFO Set uid to user 0 succeeded
2025-05-29 15:00:42,293 INFO supervisord started with pid 1
2025-05-29 15:00:43,297 INFO spawned: 'collect_iostat' with pid 7
2025-05-29 15:00:43,304 INFO spawned: 'collect_metrics' with pid 8
2025-05-29 15:00:43,311 INFO spawned: 'collect_netstat' with pid 9
2025-05-29 15:00:43,316 INFO spawned: 'collect_process' with pid 10
2025-05-29 15:00:43,323 INFO spawned: 'collect_vmstat' with pid 11
2025-05-29 15:00:43,330 INFO spawned: 'gunicorn' with pid 12
2025-05-29 15:00:43,339 INFO spawned: 'start_consumer' with pid 13
2025-05-29 15:00:44,344 INFO success: collect_iostat entered RUNNING state, process has stayed up for > than 1 seconds (startsecs)
2025-05-29 15:00:44,345 INFO success: collect_metrics entered RUNNING state, process has stayed up for > than 1 seconds (startsecs)
2025-05-29 15:00:44,346 INFO success: collect_netstat entered RUNNING state, process has stayed up for > than 1 seconds (startsecs)
2025-05-29 15:00:44,347 INFO success: collect_process entered RUNNING state, process has stayed up for > than 1 seconds (startsecs)
2025-05-29 15:00:44,348 INFO success: collect_vmstat entered RUNNING state, process has stayed up for > than 1 seconds (startsecs)
2025-05-29 15:00:44,353 INFO success: gunicorn entered RUNNING state, process has stayed up for > than 1 seconds (startsecs)
2025-05-29 15:00:44,359 INFO success: start_consumer entered RUNNING state, process has stayed up for > than 1 seconds (startsecs)
2025-05-29 15:31:06,596 WARN received SIGTERM indicating exit request
2025-05-29 15:31:06,645 INFO waiting for collect_iostat, collect_metrics, collect_netstat, collect_process, collect_vmstat, gunicorn, start_consumer to die
2025-05-29 15:31:07,609 INFO stopped: start_consumer (exit status 0)
2025-05-29 15:31:08,419 INFO stopped: gunicorn (exit status 0)
2025-05-29 15:31:10,423 INFO waiting for collect_iostat, collect_metrics, collect_netstat, collect_process, collect_vmstat to die
2025-05-29 15:31:12,200 INFO stopped: collect_vmstat (exit status 0)
2025-05-29 15:31:13,667 INFO waiting for collect_iostat, collect_metrics, collect_netstat, collect_process to die
